<?xml version="1.0" encoding="UTF-8"?>
<coverage generated="1718873381089" clover="3.2.0">
  <project timestamp="1718873381090" name="All files">
    <metrics statements="7" coveredstatements="7" conditionals="8" coveredconditionals="5" methods="4" coveredmethods="4" elements="19" coveredelements="16" complexity="0" loc="7" ncloc="7" packages="1" files="2" classes="2">
      <file name="List.vue" path="/home/tony/mess/example-python/node/src/components/List.vue">
        <metrics statements="6" coveredstatements="6" conditionals="6" coveredconditionals="3" methods="3" coveredmethods="3"/>
        <line num="1" count="1" type="stmt"/>
        <line num="4" count="1" type="stmt"/>
        <line num="16" count="1" type="stmt"/>
        <line num="21" count="1" type="cond" truecount="2" falsecount="2"/>
        <line num="22" count="6" type="cond" truecount="1" falsecount="1"/>
        <line num="23" count="1" type="stmt"/>
      </file>
      <file name="Message.js" path="/home/tony/mess/example-python/node/src/components/Message.js">
        <metrics statements="1" coveredstatements="1" conditionals="2" coveredconditionals="2" methods="1" coveredmethods="1"/>
        <line num="5" count="2" type="cond" truecount="2" falsecount="0"/>
      </file>
    </metrics>
  </project>
</coverage>
