{"/home/tony/mess/example-python/node/src/components/List.vue": {"path":"/home/tony/mess/example-python/node/src/components/List.vue","statementMap":{"0":{"start":{"line":1,"column":1},"end":{"line":20,"column":4}},"1":{"start":{"line":4,"column":0},"end":{"line":6,"column":3}},"2":{"start":{"line":16,"column":0},"end":{"line":19,"column":2}},"3":{"start":{"line":21,"column":20},"end":{"line":21,"column":89}},"4":{"start":{"line":21,"column":114},"end":{"line":21,"column":187}},"5":{"start":{"line":22,"column":0},"end":{"line":22,"column":222}},"6":{"start":{"line":22,"column":54},"end":{"line":22,"column":58}},"7":{"start":{"line":22,"column":66},"end":{"line":22,"column":84}},"8":{"start":{"line":22,"column":92},"end":{"line":22,"column":108}},"9":{"start":{"line":22,"column":109},"end":{"line":22,"column":221}},"10":{"start":{"line":22,"column":158},"end":{"line":22,"column":218}},"11":{"start":{"line":23,"column":0},"end":{"line":23,"column":37}}},"fnMap":{"0":{"name":"(anonymous_0)","decl":{"start":{"line":1,"column":2},"end":{"line":1,"column":3}},"loc":{"start":{"line":1,"column":12},"end":{"line":20,"column":1}},"line":1},"1":{"name":"render","decl":{"start":{"line":22,"column":35},"end":{"line":22,"column":41}},"loc":{"start":{"line":22,"column":45},"end":{"line":22,"column":222}},"line":22},"2":{"name":"(anonymous_2)","decl":{"start":{"line":22,"column":143},"end":{"line":22,"column":144}},"loc":{"start":{"line":22,"column":157},"end":{"line":22,"column":219}},"line":22}},"branchMap":{"0":{"loc":{"start":{"line":21,"column":20},"end":{"line":21,"column":89}},"type":"cond-expr","locations":[{"start":{"line":21,"column":50},"end":{"line":21,"column":72}},{"start":{"line":21,"column":75},"end":{"line":21,"column":89}}],"line":21},"1":{"loc":{"start":{"line":21,"column":114},"end":{"line":21,"column":187}},"type":"cond-expr","locations":[{"start":{"line":21,"column":151},"end":{"line":21,"column":172}},{"start":{"line":21,"column":174},"end":{"line":21,"column":187}}],"line":21},"2":{"loc":{"start":{"line":22,"column":92},"end":{"line":22,"column":108}},"type":"binary-expr","locations":[{"start":{"line":22,"column":92},"end":{"line":22,"column":104}},{"start":{"line":22,"column":106},"end":{"line":22,"column":108}}],"line":22}},"s":{"0":1,"1":1,"2":1,"3":1,"4":1,"5":1,"6":3,"7":3,"8":3,"9":3,"10":6,"11":1},"f":{"0":1,"1":3,"2":6},"b":{"0":[1,0],"1":[0,1],"2":[3,0]},"_coverageSchema":"332fd63041d2c1bcb487cc26dd0d5f7d97098a6c","hash":"c69fde9e0dfc12c3f22bb5e2c830b64136f5f544"}
,"/home/tony/mess/example-python/node/src/components/Message.js": {"path":"/home/tony/mess/example-python/node/src/components/Message.js","statementMap":{"0":{"start":{"line":5,"column":26},"end":{"line":5,"column":65}}},"fnMap":{"0":{"name":"(anonymous_0)","decl":{"start":{"line":5,"column":10},"end":{"line":5,"column":11}},"loc":{"start":{"line":5,"column":26},"end":{"line":5,"column":65}},"line":5}},"branchMap":{"0":{"loc":{"start":{"line":5,"column":34},"end":{"line":5,"column":64}},"type":"binary-expr","locations":[{"start":{"line":5,"column":34},"end":{"line":5,"column":43}},{"start":{"line":5,"column":47},"end":{"line":5,"column":64}}],"line":5}},"s":{"0":2},"f":{"0":2},"b":{"0":[2,1]},"_coverageSchema":"332fd63041d2c1bcb487cc26dd0d5f7d97098a6c","hash":"9238a885c3708a3d3c8ba7e055acfe2584b9d04e"}
}
