TN:
SF:/home/tony/mess/example-python/node/src/components/List.vue
FN:1,(anonymous_0)
FN:22,render
FN:22,(anonymous_2)
FNF:3
FNH:3
FNDA:1,(anonymous_0)
FNDA:3,render
FNDA:6,(anonymous_2)
DA:1,1
DA:4,1
DA:16,1
DA:21,1
DA:22,6
DA:23,1
LF:6
LH:6
BRDA:21,0,0,1
BRDA:21,0,1,0
BRDA:21,1,0,0
BRDA:21,1,1,1
BRDA:22,2,0,3
BRDA:22,2,1,0
BRF:6
BRH:3
end_of_record
TN:
SF:/home/tony/mess/example-python/node/src/components/Message.js
FN:5,(anonymous_0)
FNF:1
FNH:1
FNDA:2,(anonymous_0)
DA:5,2
LF:1
LH:1
BRDA:5,0,0,2
BRDA:5,0,1,1
BRF:2
BRH:2
end_of_record
